0 info it worked if it ends with ok
1 verbose cli [ '/usr/bin/nodejs', '/usr/bin/npm', 'publish' ]
2 info using npm@3.5.2
3 info using node@v4.7.2
4 verbose publish [ '.' ]
5 silly cache add args [ '.', null ]
6 verbose cache add spec .
7 silly cache add parsed spec Result {
7 silly cache add   raw: '.',
7 silly cache add   scope: null,
7 silly cache add   name: null,
7 silly cache add   rawSpec: '.',
7 silly cache add   spec: '/home/usuario/Backup/Backup-1/Projetos/software/javascript/djf-xml/repo',
7 silly cache add   type: 'directory' }
8 verbose addLocalDirectory /home/usuario/.npm/djf-xml/1.0.0/package.tgz not in flight; packing
9 info lifecycle djf-xml@1.0.0~prepublish: djf-xml@1.0.0
10 silly lifecycle djf-xml@1.0.0~prepublish: no script for prepublish, continuing
11 verbose tar pack [ '/home/usuario/.npm/djf-xml/1.0.0/package.tgz',
11 verbose tar pack   '/home/usuario/Backup/Backup-1/Projetos/software/javascript/djf-xml/repo' ]
12 verbose tarball /home/usuario/.npm/djf-xml/1.0.0/package.tgz
13 verbose folder /home/usuario/Backup/Backup-1/Projetos/software/javascript/djf-xml/repo
14 verbose addLocalTarball adding from inside cache /home/usuario/.npm/djf-xml/1.0.0/package.tgz
15 silly cache afterAdd djf-xml@1.0.0
16 verbose afterAdd /home/usuario/.npm/djf-xml/1.0.0/package/package.json not in flight; writing
17 verbose afterAdd /home/usuario/.npm/djf-xml/1.0.0/package/package.json written
18 silly publish { name: 'djf-xml',
18 silly publish   version: '1.0.0',
18 silly publish   description: 'XML parser',
18 silly publish   main: 'src/index.js',
18 silly publish   scripts: { test: 'echo "Error: no test specified" && exit 1' },
18 silly publish   keywords: [ 'XML', 'parser' ],
18 silly publish   author: { name: 'Djalma Oliveira' },
18 silly publish   license: 'MIT',
18 silly publish   readme: 'ERROR: No README data found!',
18 silly publish   _id: 'djf-xml@1.0.0',
18 silly publish   _shasum: '8cef9b89b0eb7c6656545b414b6d19624672c7a5',
18 silly publish   _from: '.' }
19 verbose getPublishConfig undefined
20 silly mapToRegistry name djf-xml
21 silly mapToRegistry using default registry
22 silly mapToRegistry registry https://registry.npmjs.org/
23 silly mapToRegistry uri https://registry.npmjs.org/djf-xml
24 verbose publish registryBase https://registry.npmjs.org/
25 silly publish uploading /home/usuario/.npm/djf-xml/1.0.0/package.tgz
26 verbose request uri https://registry.npmjs.org/djf-xml
27 verbose request sending authorization for write operation
28 info attempt registry request try #1 at 4:56:40 PM
29 verbose request using bearer token for auth
30 verbose request id e55c55ec009c07b0
31 http request PUT https://registry.npmjs.org/djf-xml
32 http 403 https://registry.npmjs.org/djf-xml
33 verbose headers { 'content-type': 'application/json',
33 verbose headers   'cache-control': 'max-age=300',
33 verbose headers   'content-length': '91',
33 verbose headers   'accept-ranges': 'bytes',
33 verbose headers   date: 'Tue, 14 Nov 2017 19:56:41 GMT',
33 verbose headers   via: '1.1 varnish',
33 verbose headers   connection: 'keep-alive',
33 verbose headers   'x-served-by': 'cache-gru17128-GRU',
33 verbose headers   'x-cache': 'MISS',
33 verbose headers   'x-cache-hits': '0',
33 verbose headers   'x-timer': 'S1510689401.845879,VS0,VE922',
33 verbose headers   vary: 'Accept-Encoding, Accept' }
34 verbose request invalidating /home/usuario/.npm/registry.npmjs.org/djf-xml on PUT
35 error publish Failed PUT 403
36 verbose stack Error: You cannot publish over the previously published version 1.0.0. : djf-xml
36 verbose stack     at makeError (/usr/share/npm/node_modules/npm-registry-client/lib/request.js:264:12)
36 verbose stack     at CachingRegistryClient.<anonymous> (/usr/share/npm/node_modules/npm-registry-client/lib/request.js:252:14)
36 verbose stack     at Request._callback (/usr/share/npm/node_modules/npm-registry-client/lib/request.js:172:14)
36 verbose stack     at Request.self.callback (/usr/share/npm/node_modules/request/request.js:198:22)
36 verbose stack     at emitTwo (events.js:87:13)
36 verbose stack     at Request.emit (events.js:172:7)
36 verbose stack     at Request.<anonymous> (/usr/share/npm/node_modules/request/request.js:1082:10)
36 verbose stack     at emitOne (events.js:82:20)
36 verbose stack     at Request.emit (events.js:169:7)
36 verbose stack     at IncomingMessage.<anonymous> (/usr/share/npm/node_modules/request/request.js:1009:12)
37 verbose statusCode 403
38 verbose pkgid djf-xml
39 verbose cwd /home/usuario/Backup/Backup-1/Projetos/software/javascript/djf-xml/repo
40 error Linux 4.10.0-38-generic
41 error argv "/usr/bin/nodejs" "/usr/bin/npm" "publish"
42 error node v4.7.2
43 error npm  v3.5.2
44 error code E403
45 error You cannot publish over the previously published version 1.0.0. : djf-xml
46 error If you need help, you may report this error at:
46 error     <https://github.com/npm/npm/issues>
47 verbose exit [ 1, true ]
